<?xml version="1.0" encoding="UTF-8"?>
<!-- Generated by org.testng.reporters.JUnitReportReporter -->
<testsuite skipped="0" hostname="LAPTOP-AVU9RBU5" name="BDDMaven.BDDMaven.TestRunner" tests="1" failures="0" timestamp="01 Apr 2018 18:26:40 GMT" time="0.588" errors="0">
  <testcase name="runScenario" time="0.588" classname="BDDMaven.BDDMaven.TestRunner"/>
</testsuite> <!-- BDDMaven.BDDMaven.TestRunner -->
